<?xml version="1.0" encoding="UTF-8"?>
<!-- Generated by org.testng.reporters.JUnitXMLReporter -->
<testsuite ignored="0" hostname="LAPTOP-6NVISD1L" failures="1" tests="1" name="Test" time="135.806" errors="0" timestamp="2025-11-01T14:05:53 IST">
  <testcase classname="testCases.QuerryRaisedToReverted" name="QuerryRaisedFromLegal" time="102.659">
    <failure type="java.lang.Error" message="Unresolved compilation problem: 
	The method visibilityOf(WebElement) in the type ExpectedConditions is not applicable for the arguments (By)
">
      <![CDATA[java.lang.Error: Unresolved compilation problem: 
The method visibilityOf(WebElement) in the type ExpectedConditions is not applicable for the arguments (By)

at pages.QuerryRasiedToRevertedPages.uploadDocumentInAdminDev(QuerryRasiedToRevertedPages.java:487)
at testCases.QuerryRaisedToReverted.QuerryRaisedFromLegal(QuerryRaisedToReverted.java:83)
at java.base/java.util.ArrayList.forEach(ArrayList.java:1596)
... Removed 25 stack frames]]>
    </failure>
  </testcase> <!-- QuerryRaisedFromLegal -->
</testsuite> <!-- Test -->
