<?xml version="1.0" encoding="UTF-8"?>
<!-- Generated by org.testng.reporters.JUnitReportReporter -->
<testsuite hostname="User" failures="0" tests="27" name="testCases.PublishFinalReport" time="254.691" errors="0" timestamp="2025-09-22T15:30:41 IST" skipped="1">
  <testcase classname="testCases.PublishFinalReport" name="testSubmitAction" time="8.869">
    <system-out>
      <![CDATA[Success
Final report created Sucessfully for ID: 23372]]>
    </system-out>
  </testcase> <!-- testSubmitAction -->
  <testcase classname="testCases.PublishFinalReport" name="testSubmitAction" time="8.955">
    <system-out>
      <![CDATA[Success
Final report created Sucessfully for ID: 23981]]>
    </system-out>
  </testcase> <!-- testSubmitAction -->
  <testcase classname="testCases.PublishFinalReport" name="testSubmitAction" time="9.102">
    <system-out>
      <![CDATA[Success
Final report created Sucessfully for ID: 23597]]>
    </system-out>
  </testcase> <!-- testSubmitAction -->
  <testcase classname="testCases.PublishFinalReport" name="testSubmitAction" time="9.036">
    <system-out>
      <![CDATA[Success
Final report created Sucessfully for ID: 18297]]>
    </system-out>
  </testcase> <!-- testSubmitAction -->
  <testcase classname="testCases.PublishFinalReport" name="testSubmitAction" time="9.234">
    <system-out>
      <![CDATA[Success
Final report created Sucessfully for ID: 23974]]>
    </system-out>
  </testcase> <!-- testSubmitAction -->
  <testcase classname="testCases.PublishFinalReport" name="testSubmitAction" time="9.065">
    <system-out>
      <![CDATA[Success
Final report created Sucessfully for ID: 23968]]>
    </system-out>
  </testcase> <!-- testSubmitAction -->
  <testcase classname="testCases.PublishFinalReport" name="testSubmitAction" time="9.373">
    <system-out>
      <![CDATA[Success
Final report created Sucessfully for ID: 23377]]>
    </system-out>
  </testcase> <!-- testSubmitAction -->
  <testcase classname="testCases.PublishFinalReport" name="testSubmitAction" time="9.013">
    <system-out>
      <![CDATA[Success
Final report created Sucessfully for ID: 23490]]>
    </system-out>
  </testcase> <!-- testSubmitAction -->
  <testcase classname="testCases.PublishFinalReport" name="testSubmitAction" time="9.163">
    <system-out>
      <![CDATA[Success
Final report created Sucessfully for ID: 23978]]>
    </system-out>
  </testcase> <!-- testSubmitAction -->
  <testcase classname="testCases.PublishFinalReport" name="testSubmitAction" time="8.970">
    <system-out>
      <![CDATA[Success
Final report created Sucessfully for ID: 23445]]>
    </system-out>
  </testcase> <!-- testSubmitAction -->
  <testcase classname="testCases.PublishFinalReport" name="testSubmitAction" time="8.847">
    <system-out>
      <![CDATA[Success
Final report created Sucessfully for ID: 23339]]>
    </system-out>
  </testcase> <!-- testSubmitAction -->
  <testcase classname="testCases.PublishFinalReport" name="testSubmitAction" time="9.716">
    <system-out>
      <![CDATA[Success
Final report created Sucessfully for ID: 37855]]>
    </system-out>
  </testcase> <!-- testSubmitAction -->
  <testcase classname="testCases.PublishFinalReport" name="testSubmitAction" time="8.925">
    <system-out>
      <![CDATA[Success
Final report created Sucessfully for ID: 37856]]>
    </system-out>
  </testcase> <!-- testSubmitAction -->
  <testcase classname="testCases.PublishFinalReport" name="testSubmitAction" time="8.849">
    <system-out>
      <![CDATA[Success
Final report created Sucessfully for ID: 23273]]>
    </system-out>
  </testcase> <!-- testSubmitAction -->
  <testcase classname="testCases.PublishFinalReport" name="testSubmitAction" time="9.687">
    <system-out>
      <![CDATA[Success
Final report created Sucessfully for ID: 23989]]>
    </system-out>
  </testcase> <!-- testSubmitAction -->
  <testcase classname="testCases.PublishFinalReport" name="testSubmitAction" time="9.118">
    <system-out>
      <![CDATA[Success
Final report created Sucessfully for ID: 23969]]>
    </system-out>
  </testcase> <!-- testSubmitAction -->
  <testcase classname="testCases.PublishFinalReport" name="testSubmitAction" time="18.892">
    <skipped/>
    <system-out>
      <![CDATA[23969 failedExpected condition failed: waiting for visibility of element located by By.cssSelector: .toast-success (tried for 10 second(s) with 500 milliseconds interval)
Build info: version: '4.29.0', revision: '5fc1ec94cb'
System info: os.name: 'Windows 11', os.arch: 'amd64', os.version: '10.0', java.version: '21.0.7'
Driver info: org.openqa.selenium.chrome.ChromeDriver
Capabilities {acceptInsecureCerts: false, browserName: chrome, browserVersion: 140.0.7339.129, chrome: {chromedriverVersion: 140.0.7339.185 (eeea00e459e..., userDataDir: C:\Users\USERUS~1\AppData\L...}, fedcm:accounts: true, goog:chromeOptions: {debuggerAddress: localhost:57116}, networkConnectionEnabled: false, pageLoadStrategy: normal, platformName: windows, proxy: Proxy(), se:cdp: ws://localhost:57116/devtoo..., se:cdpVersion: 140.0.7339.129, setWindowRect: true, strictFileInteractability: false, timeouts: {implicit: 0, pageLoad: 300000, script: 30000}, unhandledPromptBehavior: dismiss and notify, webauthn:extension:credBlob: true, webauthn:extension:largeBlob: true, webauthn:extension:minPinLength: true, webauthn:extension:prf: true, webauthn:virtualAuthenticators: true}
Session ID: 2337b8b4ec8cb484e4e28102090aed0e]]>
    </system-out>
  </testcase> <!-- testSubmitAction -->
  <testcase classname="testCases.PublishFinalReport" name="testSubmitAction" time="8.909">
    <system-out>
      <![CDATA[Success
Final report created Sucessfully for ID: 23992]]>
    </system-out>
  </testcase> <!-- testSubmitAction -->
  <testcase classname="testCases.PublishFinalReport" name="testSubmitAction" time="9.084">
    <system-out>
      <![CDATA[Success
Final report created Sucessfully for ID: 23972]]>
    </system-out>
  </testcase> <!-- testSubmitAction -->
  <testcase classname="testCases.PublishFinalReport" name="testSubmitAction" time="8.944">
    <system-out>
      <![CDATA[Success
Final report created Sucessfully for ID: 23442]]>
    </system-out>
  </testcase> <!-- testSubmitAction -->
  <testcase classname="testCases.PublishFinalReport" name="testSubmitAction" time="8.906">
    <system-out>
      <![CDATA[Success
Final report created Sucessfully for ID: 33831]]>
    </system-out>
  </testcase> <!-- testSubmitAction -->
  <testcase classname="testCases.PublishFinalReport" name="testSubmitAction" time="9.095">
    <system-out>
      <![CDATA[Success
Final report created Sucessfully for ID: 34113]]>
    </system-out>
  </testcase> <!-- testSubmitAction -->
  <testcase classname="testCases.PublishFinalReport" name="testSubmitAction" time="9.037">
    <system-out>
      <![CDATA[Success
Final report created Sucessfully for ID: 23470]]>
    </system-out>
  </testcase> <!-- testSubmitAction -->
  <testcase classname="testCases.PublishFinalReport" name="testSubmitAction" time="8.994">
    <system-out>
      <![CDATA[Success
Final report created Sucessfully for ID: 23577]]>
    </system-out>
  </testcase> <!-- testSubmitAction -->
  <testcase classname="testCases.PublishFinalReport" name="testSubmitAction" time="8.947">
    <system-out>
      <![CDATA[Success
Final report created Sucessfully for ID: 23964]]>
    </system-out>
  </testcase> <!-- testSubmitAction -->
  <testcase classname="testCases.PublishFinalReport" name="testSubmitAction" time="9.004">
    <system-out>
      <![CDATA[Success
Final report created Sucessfully for ID: 37853]]>
    </system-out>
  </testcase> <!-- testSubmitAction -->
  <testcase classname="testCases.PublishFinalReport" name="testSubmitAction" time="8.957">
    <system-out>
      <![CDATA[Success
Final report created Sucessfully for ID: 23452]]>
    </system-out>
  </testcase> <!-- testSubmitAction -->
  <system-out>
    <![CDATA[Success
Final report created Sucessfully for ID: 18297
Success
Final report created Sucessfully for ID: 23273
Success
Final report created Sucessfully for ID: 23339
Success
Final report created Sucessfully for ID: 23372
Success
Final report created Sucessfully for ID: 23377
Success
Final report created Sucessfully for ID: 23442
Success
Final report created Sucessfully for ID: 23445
Success
Final report created Sucessfully for ID: 23452
Success
Final report created Sucessfully for ID: 23470
Success
Final report created Sucessfully for ID: 23490
Success
Final report created Sucessfully for ID: 23577
Success
Final report created Sucessfully for ID: 23597
Success
Final report created Sucessfully for ID: 23964
Success
Final report created Sucessfully for ID: 23968
23969 failedExpected condition failed: waiting for visibility of element located by By.cssSelector: .toast-success (tried for 10 second(s) with 500 milliseconds interval)
Build info: version: '4.29.0', revision: '5fc1ec94cb'
System info: os.name: 'Windows 11', os.arch: 'amd64', os.version: '10.0', java.version: '21.0.7'
Driver info: org.openqa.selenium.chrome.ChromeDriver
Capabilities {acceptInsecureCerts: false, browserName: chrome, browserVersion: 140.0.7339.129, chrome: {chromedriverVersion: 140.0.7339.185 (eeea00e459e..., userDataDir: C:\Users\USERUS~1\AppData\L...}, fedcm:accounts: true, goog:chromeOptions: {debuggerAddress: localhost:57116}, networkConnectionEnabled: false, pageLoadStrategy: normal, platformName: windows, proxy: Proxy(), se:cdp: ws://localhost:57116/devtoo..., se:cdpVersion: 140.0.7339.129, setWindowRect: true, strictFileInteractability: false, timeouts: {implicit: 0, pageLoad: 300000, script: 30000}, unhandledPromptBehavior: dismiss and notify, webauthn:extension:credBlob: true, webauthn:extension:largeBlob: true, webauthn:extension:minPinLength: true, webauthn:extension:prf: true, webauthn:virtualAuthenticators: true}
Session ID: 2337b8b4ec8cb484e4e28102090aed0e
Success
Final report created Sucessfully for ID: 23969
Success
Final report created Sucessfully for ID: 23972
Success
Final report created Sucessfully for ID: 23974
Success
Final report created Sucessfully for ID: 23978
Success
Final report created Sucessfully for ID: 23981
Success
Final report created Sucessfully for ID: 23989
Success
Final report created Sucessfully for ID: 23992
Success
Final report created Sucessfully for ID: 33831
Success
Final report created Sucessfully for ID: 34113
Success
Final report created Sucessfully for ID: 37853
Success
Final report created Sucessfully for ID: 37855
Success
Final report created Sucessfully for ID: 37856]]>
  </system-out>
</testsuite> <!-- testCases.PublishFinalReport -->
