<?xml version="1.0" encoding="UTF-8"?>
<!-- Generated by org.testng.reporters.JUnitReportReporter -->
<testsuite hostname="User" failures="0" tests="4" name="testCases.SampleTest" time="21.658" errors="0" timestamp="2025-07-22T15:41:23 IST" skipped="0">
  <testcase classname="testCases.SampleTest" name="testSubmitAction" time="3.126">
    <system-out>
      <![CDATA[Success
Final report created Sucessfully for ID: 330]]>
    </system-out>
  </testcase> <!-- testSubmitAction -->
  <testcase classname="testCases.SampleTest" name="testSubmitAction" time="12.241">
    <system-out>
      <![CDATA[331 failed]]>
    </system-out>
  </testcase> <!-- testSubmitAction -->
  <testcase classname="testCases.SampleTest" name="testSubmitAction" time="3.099">
    <system-out>
      <![CDATA[Success
Final report created Sucessfully for ID: 330]]>
    </system-out>
  </testcase> <!-- testSubmitAction -->
  <testcase classname="testCases.SampleTest" name="testSubmitAction" time="3.192">
    <system-out>
      <![CDATA[Success
Final report created Sucessfully for ID: 330]]>
    </system-out>
  </testcase> <!-- testSubmitAction -->
  <system-out>
    <![CDATA[Success
Final report created Sucessfully for ID: 330
331 failed
Success
Final report created Sucessfully for ID: 330
Success
Final report created Sucessfully for ID: 330]]>
  </system-out>
</testsuite> <!-- testCases.SampleTest -->
