<?xml version="1.0" encoding="UTF-8"?>
<!-- Generated by org.testng.reporters.JUnitXMLReporter -->
<testsuite ignored="0" hostname="User" failures="1" tests="273" name="Test(failed)" time="2635.727" errors="0" timestamp="2025-09-16T23:19:36 IST">
  <testcase classname="testCases.PublishFinalReport" name="testSubmitAction" time="13.714">
    <skipped/>
  </testcase> <!-- testSubmitAction -->
  <testcase classname="testCases.PublishFinalReport" name="testSubmitAction" time="13.644">
    <skipped/>
  </testcase> <!-- testSubmitAction -->
  <testcase classname="testCases.PublishFinalReport" name="testSubmitAction" time="13.599">
    <failure type="org.openqa.selenium.NoSuchElementException" message="no such element: Unable to locate element: {&amp;quot;method&amp;quot;:&amp;quot;xpath&amp;quot;,&amp;quot;selector&amp;quot;:&amp;quot;//button[contains(text(),&amp;apos; Publish final report &amp;apos;)]&amp;quot;}
  (Session info: chrome=140.0.7339.128)
For documentation on this error, please visit: https://www.selenium.dev/documentation/webdriver/troubleshooting/errors#no-such-element-exception
Build info: version: &amp;apos;4.29.0&amp;apos;, revision: &amp;apos;5fc1ec94cb&amp;apos;
System info: os.name: &amp;apos;Windows 11&amp;apos;, os.arch: &amp;apos;amd64&amp;apos;, os.version: &amp;apos;10.0&amp;apos;, java.version: &amp;apos;21.0.7&amp;apos;
Driver info: org.openqa.selenium.chrome.ChromeDriver
Command: [d2ee5887ea077e7ce7b97af15cc9c49f, findElement {value=//button[contains(text(),&amp;apos; Publish final report &amp;apos;)], using=xpath}]
Capabilities {acceptInsecureCerts: false, browserName: chrome, browserVersion: 140.0.7339.128, chrome: {chromedriverVersion: 140.0.7339.82 (bc93617e21c3..., userDataDir: C:\Users\USERUS~1\AppData\L...}, fedcm:accounts: true, goog:chromeOptions: {debuggerAddress: localhost:50976}, networkConnectionEnabled: false, pageLoadStrategy: normal, platformName: windows, proxy: Proxy(), se:cdp: ws://localhost:50976/devtoo..., se:cdpVersion: 140.0.7339.128, setWindowRect: true, strictFileInteractability: false, timeouts: {implicit: 0, pageLoad: 300000, script: 30000}, unhandledPromptBehavior: dismiss and notify, webauthn:extension:credBlob: true, webauthn:extension:largeBlob: true, webauthn:extension:minPinLength: true, webauthn:extension:prf: true, webauthn:virtualAuthenticators: true}
Session ID: d2ee5887ea077e7ce7b97af15cc9c49f">
      <![CDATA[org.openqa.selenium.NoSuchElementException: no such element: Unable to locate element: {"method":"xpath","selector":"//button[contains(text(),' Publish final report ')]"}
  (Session info: chrome=140.0.7339.128)
For documentation on this error, please visit: https://www.selenium.dev/documentation/webdriver/troubleshooting/errors#no-such-element-exception
Build info: version: '4.29.0', revision: '5fc1ec94cb'
System info: os.name: 'Windows 11', os.arch: 'amd64', os.version: '10.0', java.version: '21.0.7'
Driver info: org.openqa.selenium.chrome.ChromeDriver
Command: [d2ee5887ea077e7ce7b97af15cc9c49f, findElement {value=//button[contains(text(),' Publish final report ')], using=xpath}]
Capabilities {acceptInsecureCerts: false, browserName: chrome, browserVersion: 140.0.7339.128, chrome: {chromedriverVersion: 140.0.7339.82 (bc93617e21c3..., userDataDir: C:\Users\USERUS~1\AppData\L...}, fedcm:accounts: true, goog:chromeOptions: {debuggerAddress: localhost:50976}, networkConnectionEnabled: false, pageLoadStrategy: normal, platformName: windows, proxy: Proxy(), se:cdp: ws://localhost:50976/devtoo..., se:cdpVersion: 140.0.7339.128, setWindowRect: true, strictFileInteractability: false, timeouts: {implicit: 0, pageLoad: 300000, script: 30000}, unhandledPromptBehavior: dismiss and notify, webauthn:extension:credBlob: true, webauthn:extension:largeBlob: true, webauthn:extension:minPinLength: true, webauthn:extension:prf: true, webauthn:virtualAuthenticators: true}
Session ID: d2ee5887ea077e7ce7b97af15cc9c49f
at org.openqa.selenium.remote.ErrorCodec.decode(ErrorCodec.java:167)
at org.openqa.selenium.remote.codec.w3c.W3CHttpResponseCodec.decode(W3CHttpResponseCodec.java:138)
at org.openqa.selenium.remote.codec.w3c.W3CHttpResponseCodec.decode(W3CHttpResponseCodec.java:50)
at org.openqa.selenium.remote.HttpCommandExecutor.execute(HttpCommandExecutor.java:215)
at org.openqa.selenium.remote.service.DriverCommandExecutor.invokeExecute(DriverCommandExecutor.java:216)
at org.openqa.selenium.remote.service.DriverCommandExecutor.execute(DriverCommandExecutor.java:174)
at org.openqa.selenium.remote.RemoteWebDriver.execute(RemoteWebDriver.java:545)
at org.openqa.selenium.remote.ElementLocation$ElementFinder$2.findElement(ElementLocation.java:165)
at org.openqa.selenium.remote.ElementLocation.findElement(ElementLocation.java:59)
at org.openqa.selenium.remote.RemoteWebDriver.findElement(RemoteWebDriver.java:368)
at org.openqa.selenium.remote.RemoteWebDriver.findElement(RemoteWebDriver.java:362)
at org.openqa.selenium.support.pagefactory.DefaultElementLocator.findElement(DefaultElementLocator.java:68)
at org.openqa.selenium.support.pagefactory.internal.LocatingElementHandler.invoke(LocatingElementHandler.java:38)
at jdk.proxy2/jdk.proxy2.$Proxy15.getWrappedElement(Unknown Source)
at org.openqa.selenium.remote.WebElementToJsonConverter.apply(WebElementToJsonConverter.java:48)
at java.base/java.util.stream.ReferencePipeline$3$1.accept(ReferencePipeline.java:197)
at java.base/java.util.Spliterators$ArraySpliterator.forEachRemaining(Spliterators.java:1024)
at java.base/java.util.stream.AbstractPipeline.copyInto(AbstractPipeline.java:509)
at java.base/java.util.stream.AbstractPipeline.wrapAndCopyInto(AbstractPipeline.java:499)
at java.base/java.util.stream.ReduceOps$ReduceOp.evaluateSequential(ReduceOps.java:921)
at java.base/java.util.stream.AbstractPipeline.evaluate(AbstractPipeline.java:234)
at java.base/java.util.stream.ReferencePipeline.collect(ReferencePipeline.java:682)
at org.openqa.selenium.remote.RemoteWebDriver.executeScript(RemoteWebDriver.java:474)
at pages.FormPage.publishFinalReport(FormPage.java:28)
at testCases.PublishFinalReport.testSubmitAction(PublishFinalReport.java:38)
at java.base/java.util.ArrayList.forEach(ArrayList.java:1596)
... Removed 28 stack frames]]>
    </failure>
  </testcase> <!-- testSubmitAction -->
  <testcase classname="testCases.PublishFinalReport" name="testSubmitAction" time="8.903"/>
  <testcase classname="testCases.PublishFinalReport" name="testSubmitAction" time="8.988"/>
  <testcase classname="testCases.PublishFinalReport" name="testSubmitAction" time="9.137"/>
  <testcase classname="testCases.PublishFinalReport" name="testSubmitAction" time="9.143"/>
  <testcase classname="testCases.PublishFinalReport" name="testSubmitAction" time="9.066"/>
  <testcase classname="testCases.PublishFinalReport" name="testSubmitAction" time="9.012"/>
  <testcase classname="testCases.PublishFinalReport" name="testSubmitAction" time="9.218"/>
  <testcase classname="testCases.PublishFinalReport" name="testSubmitAction" time="8.949"/>
  <testcase classname="testCases.PublishFinalReport" name="testSubmitAction" time="8.792"/>
  <testcase classname="testCases.PublishFinalReport" name="testSubmitAction" time="8.923"/>
  <testcase classname="testCases.PublishFinalReport" name="testSubmitAction" time="8.965"/>
  <testcase classname="testCases.PublishFinalReport" name="testSubmitAction" time="8.988"/>
  <testcase classname="testCases.PublishFinalReport" name="testSubmitAction" time="9.029"/>
  <testcase classname="testCases.PublishFinalReport" name="testSubmitAction" time="9.171"/>
  <testcase classname="testCases.PublishFinalReport" name="testSubmitAction" time="9.155"/>
  <testcase classname="testCases.PublishFinalReport" name="testSubmitAction" time="9.254"/>
  <testcase classname="testCases.PublishFinalReport" name="testSubmitAction" time="9.003"/>
  <testcase classname="testCases.PublishFinalReport" name="testSubmitAction" time="8.818"/>
  <testcase classname="testCases.PublishFinalReport" name="testSubmitAction" time="8.755"/>
  <testcase classname="testCases.PublishFinalReport" name="testSubmitAction" time="8.855"/>
  <testcase classname="testCases.PublishFinalReport" name="testSubmitAction" time="8.834"/>
  <testcase classname="testCases.PublishFinalReport" name="testSubmitAction" time="8.863"/>
  <testcase classname="testCases.PublishFinalReport" name="testSubmitAction" time="8.813"/>
  <testcase classname="testCases.PublishFinalReport" name="testSubmitAction" time="9.01"/>
  <testcase classname="testCases.PublishFinalReport" name="testSubmitAction" time="8.817"/>
  <testcase classname="testCases.PublishFinalReport" name="testSubmitAction" time="8.778"/>
  <testcase classname="testCases.PublishFinalReport" name="testSubmitAction" time="8.917"/>
  <testcase classname="testCases.PublishFinalReport" name="testSubmitAction" time="8.813"/>
  <testcase classname="testCases.PublishFinalReport" name="testSubmitAction" time="8.941"/>
  <testcase classname="testCases.PublishFinalReport" name="testSubmitAction" time="8.887"/>
  <testcase classname="testCases.PublishFinalReport" name="testSubmitAction" time="8.871"/>
  <testcase classname="testCases.PublishFinalReport" name="testSubmitAction" time="8.745"/>
  <testcase classname="testCases.PublishFinalReport" name="testSubmitAction" time="8.875"/>
  <testcase classname="testCases.PublishFinalReport" name="testSubmitAction" time="8.774"/>
  <testcase classname="testCases.PublishFinalReport" name="testSubmitAction" time="8.739"/>
  <testcase classname="testCases.PublishFinalReport" name="testSubmitAction" time="8.779"/>
  <testcase classname="testCases.PublishFinalReport" name="testSubmitAction" time="8.836"/>
  <testcase classname="testCases.PublishFinalReport" name="testSubmitAction" time="9.397"/>
  <testcase classname="testCases.PublishFinalReport" name="testSubmitAction" time="8.79"/>
  <testcase classname="testCases.PublishFinalReport" name="testSubmitAction" time="8.817"/>
  <testcase classname="testCases.PublishFinalReport" name="testSubmitAction" time="8.82"/>
  <testcase classname="testCases.PublishFinalReport" name="testSubmitAction" time="8.875"/>
  <testcase classname="testCases.PublishFinalReport" name="testSubmitAction" time="8.807"/>
  <testcase classname="testCases.PublishFinalReport" name="testSubmitAction" time="8.844"/>
  <testcase classname="testCases.PublishFinalReport" name="testSubmitAction" time="8.904"/>
  <testcase classname="testCases.PublishFinalReport" name="testSubmitAction" time="8.831"/>
  <testcase classname="testCases.PublishFinalReport" name="testSubmitAction" time="8.922"/>
  <testcase classname="testCases.PublishFinalReport" name="testSubmitAction" time="8.855"/>
  <testcase classname="testCases.PublishFinalReport" name="testSubmitAction" time="8.877"/>
  <testcase classname="testCases.PublishFinalReport" name="testSubmitAction" time="8.778"/>
  <testcase classname="testCases.PublishFinalReport" name="testSubmitAction" time="8.793"/>
  <testcase classname="testCases.PublishFinalReport" name="testSubmitAction" time="8.802"/>
  <testcase classname="testCases.PublishFinalReport" name="testSubmitAction" time="8.829"/>
  <testcase classname="testCases.PublishFinalReport" name="testSubmitAction" time="8.808"/>
  <testcase classname="testCases.PublishFinalReport" name="testSubmitAction" time="8.787"/>
  <testcase classname="testCases.PublishFinalReport" name="testSubmitAction" time="8.893"/>
  <testcase classname="testCases.PublishFinalReport" name="testSubmitAction" time="8.823"/>
  <testcase classname="testCases.PublishFinalReport" name="testSubmitAction" time="8.839"/>
  <testcase classname="testCases.PublishFinalReport" name="testSubmitAction" time="8.82"/>
  <testcase classname="testCases.PublishFinalReport" name="testSubmitAction" time="8.848"/>
  <testcase classname="testCases.PublishFinalReport" name="testSubmitAction" time="8.837"/>
  <testcase classname="testCases.PublishFinalReport" name="testSubmitAction" time="8.891"/>
  <testcase classname="testCases.PublishFinalReport" name="testSubmitAction" time="8.982"/>
  <testcase classname="testCases.PublishFinalReport" name="testSubmitAction" time="8.861"/>
  <testcase classname="testCases.PublishFinalReport" name="testSubmitAction" time="8.689"/>
  <testcase classname="testCases.PublishFinalReport" name="testSubmitAction" time="8.804"/>
  <testcase classname="testCases.PublishFinalReport" name="testSubmitAction" time="8.763"/>
  <testcase classname="testCases.PublishFinalReport" name="testSubmitAction" time="8.822"/>
  <testcase classname="testCases.PublishFinalReport" name="testSubmitAction" time="8.7"/>
  <testcase classname="testCases.PublishFinalReport" name="testSubmitAction" time="8.783"/>
  <testcase classname="testCases.PublishFinalReport" name="testSubmitAction" time="8.892"/>
  <testcase classname="testCases.PublishFinalReport" name="testSubmitAction" time="8.764"/>
  <testcase classname="testCases.PublishFinalReport" name="testSubmitAction" time="8.784"/>
  <testcase classname="testCases.PublishFinalReport" name="testSubmitAction" time="8.758"/>
  <testcase classname="testCases.PublishFinalReport" name="testSubmitAction" time="9.305"/>
  <testcase classname="testCases.PublishFinalReport" name="testSubmitAction" time="9.328"/>
  <testcase classname="testCases.PublishFinalReport" name="testSubmitAction" time="8.854"/>
  <testcase classname="testCases.PublishFinalReport" name="testSubmitAction" time="8.834"/>
  <testcase classname="testCases.PublishFinalReport" name="testSubmitAction" time="8.85"/>
  <testcase classname="testCases.PublishFinalReport" name="testSubmitAction" time="8.749"/>
  <testcase classname="testCases.PublishFinalReport" name="testSubmitAction" time="8.741"/>
  <testcase classname="testCases.PublishFinalReport" name="testSubmitAction" time="8.794"/>
  <testcase classname="testCases.PublishFinalReport" name="testSubmitAction" time="8.792"/>
  <testcase classname="testCases.PublishFinalReport" name="testSubmitAction" time="8.763"/>
  <testcase classname="testCases.PublishFinalReport" name="testSubmitAction" time="8.811"/>
  <testcase classname="testCases.PublishFinalReport" name="testSubmitAction" time="8.808"/>
  <testcase classname="testCases.PublishFinalReport" name="testSubmitAction" time="8.999"/>
  <testcase classname="testCases.PublishFinalReport" name="testSubmitAction" time="8.791"/>
  <testcase classname="testCases.PublishFinalReport" name="testSubmitAction" time="8.817"/>
  <testcase classname="testCases.PublishFinalReport" name="testSubmitAction" time="8.705"/>
  <testcase classname="testCases.PublishFinalReport" name="testSubmitAction" time="8.849"/>
  <testcase classname="testCases.PublishFinalReport" name="testSubmitAction" time="8.757"/>
  <testcase classname="testCases.PublishFinalReport" name="testSubmitAction" time="8.801"/>
  <testcase classname="testCases.PublishFinalReport" name="testSubmitAction" time="8.832"/>
  <testcase classname="testCases.PublishFinalReport" name="testSubmitAction" time="8.791"/>
  <testcase classname="testCases.PublishFinalReport" name="testSubmitAction" time="8.77"/>
  <testcase classname="testCases.PublishFinalReport" name="testSubmitAction" time="8.912"/>
  <testcase classname="testCases.PublishFinalReport" name="testSubmitAction" time="8.782"/>
  <testcase classname="testCases.PublishFinalReport" name="testSubmitAction" time="8.844"/>
  <testcase classname="testCases.PublishFinalReport" name="testSubmitAction" time="8.809"/>
  <testcase classname="testCases.PublishFinalReport" name="testSubmitAction" time="8.792"/>
  <testcase classname="testCases.PublishFinalReport" name="testSubmitAction" time="9.126"/>
  <testcase classname="testCases.PublishFinalReport" name="testSubmitAction" time="8.696"/>
  <testcase classname="testCases.PublishFinalReport" name="testSubmitAction" time="8.792"/>
  <testcase classname="testCases.PublishFinalReport" name="testSubmitAction" time="8.703"/>
  <testcase classname="testCases.PublishFinalReport" name="testSubmitAction" time="8.807"/>
  <testcase classname="testCases.PublishFinalReport" name="testSubmitAction" time="8.744"/>
  <testcase classname="testCases.PublishFinalReport" name="testSubmitAction" time="8.754"/>
  <testcase classname="testCases.PublishFinalReport" name="testSubmitAction" time="9.01"/>
  <testcase classname="testCases.PublishFinalReport" name="testSubmitAction" time="8.723"/>
  <testcase classname="testCases.PublishFinalReport" name="testSubmitAction" time="8.828"/>
  <testcase classname="testCases.PublishFinalReport" name="testSubmitAction" time="8.722"/>
  <testcase classname="testCases.PublishFinalReport" name="testSubmitAction" time="8.738"/>
  <testcase classname="testCases.PublishFinalReport" name="testSubmitAction" time="8.814"/>
  <testcase classname="testCases.PublishFinalReport" name="testSubmitAction" time="8.784"/>
  <testcase classname="testCases.PublishFinalReport" name="testSubmitAction" time="8.759"/>
  <testcase classname="testCases.PublishFinalReport" name="testSubmitAction" time="8.766"/>
  <testcase classname="testCases.PublishFinalReport" name="testSubmitAction" time="8.889"/>
  <testcase classname="testCases.PublishFinalReport" name="testSubmitAction" time="8.801"/>
  <testcase classname="testCases.PublishFinalReport" name="testSubmitAction" time="9.371"/>
  <testcase classname="testCases.PublishFinalReport" name="testSubmitAction" time="8.887"/>
  <testcase classname="testCases.PublishFinalReport" name="testSubmitAction" time="8.776"/>
  <testcase classname="testCases.PublishFinalReport" name="testSubmitAction" time="8.821"/>
  <testcase classname="testCases.PublishFinalReport" name="testSubmitAction" time="8.796"/>
  <testcase classname="testCases.PublishFinalReport" name="testSubmitAction" time="8.728"/>
  <testcase classname="testCases.PublishFinalReport" name="testSubmitAction" time="8.785"/>
  <testcase classname="testCases.PublishFinalReport" name="testSubmitAction" time="8.765"/>
  <testcase classname="testCases.PublishFinalReport" name="testSubmitAction" time="8.74"/>
  <testcase classname="testCases.PublishFinalReport" name="testSubmitAction" time="8.796"/>
  <testcase classname="testCases.PublishFinalReport" name="testSubmitAction" time="8.861"/>
  <testcase classname="testCases.PublishFinalReport" name="testSubmitAction" time="8.992"/>
  <testcase classname="testCases.PublishFinalReport" name="testSubmitAction" time="9.079"/>
  <testcase classname="testCases.PublishFinalReport" name="testSubmitAction" time="9.013"/>
  <testcase classname="testCases.PublishFinalReport" name="testSubmitAction" time="8.93"/>
  <testcase classname="testCases.PublishFinalReport" name="testSubmitAction" time="8.786"/>
  <testcase classname="testCases.PublishFinalReport" name="testSubmitAction" time="8.8"/>
  <testcase classname="testCases.PublishFinalReport" name="testSubmitAction" time="8.737"/>
  <testcase classname="testCases.PublishFinalReport" name="testSubmitAction" time="8.714"/>
  <testcase classname="testCases.PublishFinalReport" name="testSubmitAction" time="8.847"/>
  <testcase classname="testCases.PublishFinalReport" name="testSubmitAction" time="8.721"/>
  <testcase classname="testCases.PublishFinalReport" name="testSubmitAction" time="8.919"/>
  <testcase classname="testCases.PublishFinalReport" name="testSubmitAction" time="8.846"/>
  <testcase classname="testCases.PublishFinalReport" name="testSubmitAction" time="8.789"/>
  <testcase classname="testCases.PublishFinalReport" name="testSubmitAction" time="8.755"/>
  <testcase classname="testCases.PublishFinalReport" name="testSubmitAction" time="8.752"/>
  <testcase classname="testCases.PublishFinalReport" name="testSubmitAction" time="8.746"/>
  <testcase classname="testCases.PublishFinalReport" name="testSubmitAction" time="8.833"/>
  <testcase classname="testCases.PublishFinalReport" name="testSubmitAction" time="8.876"/>
  <testcase classname="testCases.PublishFinalReport" name="testSubmitAction" time="8.703"/>
  <testcase classname="testCases.PublishFinalReport" name="testSubmitAction" time="8.946"/>
  <testcase classname="testCases.PublishFinalReport" name="testSubmitAction" time="8.84"/>
  <testcase classname="testCases.PublishFinalReport" name="testSubmitAction" time="56.208">
    <skipped/>
  </testcase> <!-- testSubmitAction -->
  <testcase classname="testCases.PublishFinalReport" name="testSubmitAction" time="9.078"/>
  <testcase classname="testCases.PublishFinalReport" name="testSubmitAction" time="9.098"/>
  <testcase classname="testCases.PublishFinalReport" name="testSubmitAction" time="55.725">
    <skipped/>
  </testcase> <!-- testSubmitAction -->
  <testcase classname="testCases.PublishFinalReport" name="testSubmitAction" time="9.1"/>
  <testcase classname="testCases.PublishFinalReport" name="testSubmitAction" time="8.762"/>
  <testcase classname="testCases.PublishFinalReport" name="testSubmitAction" time="8.837"/>
  <testcase classname="testCases.PublishFinalReport" name="testSubmitAction" time="8.767"/>
  <testcase classname="testCases.PublishFinalReport" name="testSubmitAction" time="8.848"/>
  <testcase classname="testCases.PublishFinalReport" name="testSubmitAction" time="9.709"/>
  <testcase classname="testCases.PublishFinalReport" name="testSubmitAction" time="9.205"/>
  <testcase classname="testCases.PublishFinalReport" name="testSubmitAction" time="9.119"/>
  <testcase classname="testCases.PublishFinalReport" name="testSubmitAction" time="9.116"/>
  <testcase classname="testCases.PublishFinalReport" name="testSubmitAction" time="8.986"/>
  <testcase classname="testCases.PublishFinalReport" name="testSubmitAction" time="9.057"/>
  <testcase classname="testCases.PublishFinalReport" name="testSubmitAction" time="9.017"/>
  <testcase classname="testCases.PublishFinalReport" name="testSubmitAction" time="9.365"/>
  <testcase classname="testCases.PublishFinalReport" name="testSubmitAction" time="8.963"/>
  <testcase classname="testCases.PublishFinalReport" name="testSubmitAction" time="9.069"/>
  <testcase classname="testCases.PublishFinalReport" name="testSubmitAction" time="9.073"/>
  <testcase classname="testCases.PublishFinalReport" name="testSubmitAction" time="8.947"/>
  <testcase classname="testCases.PublishFinalReport" name="testSubmitAction" time="8.989"/>
  <testcase classname="testCases.PublishFinalReport" name="testSubmitAction" time="8.742"/>
  <testcase classname="testCases.PublishFinalReport" name="testSubmitAction" time="8.784"/>
  <testcase classname="testCases.PublishFinalReport" name="testSubmitAction" time="8.862"/>
  <testcase classname="testCases.PublishFinalReport" name="testSubmitAction" time="8.748"/>
  <testcase classname="testCases.PublishFinalReport" name="testSubmitAction" time="8.798"/>
  <testcase classname="testCases.PublishFinalReport" name="testSubmitAction" time="8.793"/>
  <testcase classname="testCases.PublishFinalReport" name="testSubmitAction" time="8.965"/>
  <testcase classname="testCases.PublishFinalReport" name="testSubmitAction" time="8.732"/>
  <testcase classname="testCases.PublishFinalReport" name="testSubmitAction" time="8.76"/>
  <testcase classname="testCases.PublishFinalReport" name="testSubmitAction" time="8.808"/>
  <testcase classname="testCases.PublishFinalReport" name="testSubmitAction" time="9.244"/>
  <testcase classname="testCases.PublishFinalReport" name="testSubmitAction" time="8.743"/>
  <testcase classname="testCases.PublishFinalReport" name="testSubmitAction" time="8.837"/>
  <testcase classname="testCases.PublishFinalReport" name="testSubmitAction" time="8.902"/>
  <testcase classname="testCases.PublishFinalReport" name="testSubmitAction" time="8.776"/>
  <testcase classname="testCases.PublishFinalReport" name="testSubmitAction" time="8.847"/>
  <testcase classname="testCases.PublishFinalReport" name="testSubmitAction" time="8.674"/>
  <testcase classname="testCases.PublishFinalReport" name="testSubmitAction" time="53.007">
    <skipped/>
  </testcase> <!-- testSubmitAction -->
  <testcase classname="testCases.PublishFinalReport" name="testSubmitAction" time="8.961"/>
  <testcase classname="testCases.PublishFinalReport" name="testSubmitAction" time="8.82"/>
  <testcase classname="testCases.PublishFinalReport" name="testSubmitAction" time="28.537">
    <skipped/>
  </testcase> <!-- testSubmitAction -->
  <testcase classname="testCases.PublishFinalReport" name="testSubmitAction" time="9.282"/>
  <testcase classname="testCases.PublishFinalReport" name="testSubmitAction" time="8.825"/>
  <testcase classname="testCases.PublishFinalReport" name="testSubmitAction" time="8.778"/>
  <testcase classname="testCases.PublishFinalReport" name="testSubmitAction" time="8.833"/>
  <testcase classname="testCases.PublishFinalReport" name="testSubmitAction" time="8.939"/>
  <testcase classname="testCases.PublishFinalReport" name="testSubmitAction" time="8.722"/>
  <testcase classname="testCases.PublishFinalReport" name="testSubmitAction" time="8.733"/>
  <testcase classname="testCases.PublishFinalReport" name="testSubmitAction" time="8.693"/>
  <testcase classname="testCases.PublishFinalReport" name="testSubmitAction" time="8.9"/>
  <testcase classname="testCases.PublishFinalReport" name="testSubmitAction" time="8.727"/>
  <testcase classname="testCases.PublishFinalReport" name="testSubmitAction" time="8.92"/>
  <testcase classname="testCases.PublishFinalReport" name="testSubmitAction" time="8.777"/>
  <testcase classname="testCases.PublishFinalReport" name="testSubmitAction" time="8.763"/>
  <testcase classname="testCases.PublishFinalReport" name="testSubmitAction" time="8.831"/>
  <testcase classname="testCases.PublishFinalReport" name="testSubmitAction" time="8.837"/>
  <testcase classname="testCases.PublishFinalReport" name="testSubmitAction" time="8.785"/>
  <testcase classname="testCases.PublishFinalReport" name="testSubmitAction" time="8.66"/>
  <testcase classname="testCases.PublishFinalReport" name="testSubmitAction" time="8.854"/>
  <testcase classname="testCases.PublishFinalReport" name="testSubmitAction" time="8.872"/>
  <testcase classname="testCases.PublishFinalReport" name="testSubmitAction" time="8.874"/>
  <testcase classname="testCases.PublishFinalReport" name="testSubmitAction" time="9.31"/>
  <testcase classname="testCases.PublishFinalReport" name="testSubmitAction" time="8.763"/>
  <testcase classname="testCases.PublishFinalReport" name="testSubmitAction" time="8.713"/>
  <testcase classname="testCases.PublishFinalReport" name="testSubmitAction" time="8.712"/>
  <testcase classname="testCases.PublishFinalReport" name="testSubmitAction" time="8.776"/>
  <testcase classname="testCases.PublishFinalReport" name="testSubmitAction" time="8.781"/>
  <testcase classname="testCases.PublishFinalReport" name="testSubmitAction" time="8.799"/>
  <testcase classname="testCases.PublishFinalReport" name="testSubmitAction" time="8.805"/>
  <testcase classname="testCases.PublishFinalReport" name="testSubmitAction" time="8.873"/>
  <testcase classname="testCases.PublishFinalReport" name="testSubmitAction" time="9.018"/>
  <testcase classname="testCases.PublishFinalReport" name="testSubmitAction" time="8.862"/>
  <testcase classname="testCases.PublishFinalReport" name="testSubmitAction" time="8.802"/>
  <testcase classname="testCases.PublishFinalReport" name="testSubmitAction" time="8.938"/>
  <testcase classname="testCases.PublishFinalReport" name="testSubmitAction" time="8.804"/>
  <testcase classname="testCases.PublishFinalReport" name="testSubmitAction" time="8.732"/>
  <testcase classname="testCases.PublishFinalReport" name="testSubmitAction" time="9.346"/>
  <testcase classname="testCases.PublishFinalReport" name="testSubmitAction" time="8.866"/>
  <testcase classname="testCases.PublishFinalReport" name="testSubmitAction" time="8.878"/>
  <testcase classname="testCases.PublishFinalReport" name="testSubmitAction" time="8.824"/>
  <testcase classname="testCases.PublishFinalReport" name="testSubmitAction" time="8.752"/>
  <testcase classname="testCases.PublishFinalReport" name="testSubmitAction" time="8.803"/>
  <testcase classname="testCases.PublishFinalReport" name="testSubmitAction" time="8.784"/>
  <testcase classname="testCases.PublishFinalReport" name="testSubmitAction" time="8.837"/>
  <testcase classname="testCases.PublishFinalReport" name="testSubmitAction" time="39.961">
    <skipped/>
  </testcase> <!-- testSubmitAction -->
  <testcase classname="testCases.PublishFinalReport" name="testSubmitAction" time="9.537"/>
  <testcase classname="testCases.PublishFinalReport" name="testSubmitAction" time="8.842"/>
  <testcase classname="testCases.PublishFinalReport" name="testSubmitAction" time="8.831"/>
  <testcase classname="testCases.PublishFinalReport" name="testSubmitAction" time="8.801"/>
  <testcase classname="testCases.PublishFinalReport" name="testSubmitAction" time="8.841"/>
  <testcase classname="testCases.PublishFinalReport" name="testSubmitAction" time="8.747"/>
  <testcase classname="testCases.PublishFinalReport" name="testSubmitAction" time="8.823"/>
  <testcase classname="testCases.PublishFinalReport" name="testSubmitAction" time="8.746"/>
  <testcase classname="testCases.PublishFinalReport" name="testSubmitAction" time="8.788"/>
  <testcase classname="testCases.PublishFinalReport" name="testSubmitAction" time="8.793"/>
  <testcase classname="testCases.PublishFinalReport" name="testSubmitAction" time="8.732"/>
  <testcase classname="testCases.PublishFinalReport" name="testSubmitAction" time="8.799"/>
  <testcase classname="testCases.PublishFinalReport" name="testSubmitAction" time="8.691"/>
  <testcase classname="testCases.PublishFinalReport" name="testSubmitAction" time="8.74"/>
  <testcase classname="testCases.PublishFinalReport" name="testSubmitAction" time="8.811"/>
  <testcase classname="testCases.PublishFinalReport" name="testSubmitAction" time="8.784"/>
  <testcase classname="testCases.PublishFinalReport" name="testSubmitAction" time="8.867"/>
  <testcase classname="testCases.PublishFinalReport" name="testSubmitAction" time="8.918"/>
  <testcase classname="testCases.PublishFinalReport" name="testSubmitAction" time="8.781"/>
  <testcase classname="testCases.PublishFinalReport" name="testSubmitAction" time="8.72"/>
  <testcase classname="testCases.PublishFinalReport" name="testSubmitAction" time="8.742"/>
  <testcase classname="testCases.PublishFinalReport" name="testSubmitAction" time="8.851"/>
  <testcase classname="testCases.PublishFinalReport" name="testSubmitAction" time="9.339"/>
  <testcase classname="testCases.PublishFinalReport" name="testSubmitAction" time="8.803"/>
  <testcase classname="testCases.PublishFinalReport" name="testSubmitAction" time="8.905"/>
  <testcase classname="testCases.PublishFinalReport" name="testSubmitAction" time="8.809"/>
  <testcase classname="testCases.PublishFinalReport" name="testSubmitAction" time="8.783"/>
  <testcase classname="testCases.PublishFinalReport" name="testSubmitAction" time="8.72"/>
  <testcase classname="testCases.PublishFinalReport" name="testSubmitAction" time="8.851"/>
  <testcase classname="testCases.PublishFinalReport" name="testSubmitAction" time="8.747"/>
  <testcase classname="testCases.PublishFinalReport" name="testSubmitAction" time="8.791"/>
  <testcase classname="testCases.PublishFinalReport" name="testSubmitAction" time="8.869"/>
</testsuite> <!-- Test(failed) -->
