<?xml version="1.0" encoding="UTF-8"?>
<!-- Generated by org.testng.reporters.JUnitXMLReporter -->
<testsuite ignored="0" hostname="LAPTOP-6NVISD1L" failures="1" tests="1" name="Test" time="10.547" errors="0" timestamp="2025-10-30T11:58:24 IST">
  <testcase classname="testCases.QuerryRaisedToReverted" name="QuerryRaisedFromLegal" time="1.387">
    <failure type="org.openqa.selenium.ElementClickInterceptedException" message="element click intercepted: Element &amp;lt;h6 class=&amp;quot;ng-tns-c6-0&amp;quot;&amp;gt;...&amp;lt;/h6&amp;gt; is not clickable at point (337, 19). Other element would receive the click: &amp;lt;h4 class=&amp;quot;modal-title pull-left&amp;quot;&amp;gt;...&amp;lt;/h4&amp;gt;
  (Session info: chrome=141.0.7390.125)
Build info: version: &amp;apos;4.29.0&amp;apos;, revision: &amp;apos;5fc1ec94cb&amp;apos;
System info: os.name: &amp;apos;Windows 11&amp;apos;, os.arch: &amp;apos;amd64&amp;apos;, os.version: &amp;apos;10.0&amp;apos;, java.version: &amp;apos;21.0.7&amp;apos;
Driver info: org.openqa.selenium.chrome.ChromeDriver
Command: [41261d228ebe57e87783a38f5c4f8f06, clickElement {id=f.20A6C9D4C6E74CDF2D11C204EC10AF28.d.7B8E31CF999C08A8A7FB33899383BCFC.e.428}]
Capabilities {acceptInsecureCerts: false, browserName: chrome, browserVersion: 141.0.7390.125, chrome: {chromedriverVersion: 141.0.7390.122 (b477534e7e1..., userDataDir: C:\Users\ADMIN\AppData\Loca...}, fedcm:accounts: true, goog:chromeOptions: {debuggerAddress: localhost:60488}, networkConnectionEnabled: false, pageLoadStrategy: normal, platformName: windows, proxy: Proxy(), se:cdp: ws://localhost:60488/devtoo..., se:cdpVersion: 141.0.7390.125, setWindowRect: true, strictFileInteractability: false, timeouts: {implicit: 0, pageLoad: 300000, script: 30000}, unhandledPromptBehavior: dismiss and notify, webauthn:extension:credBlob: true, webauthn:extension:largeBlob: true, webauthn:extension:minPinLength: true, webauthn:extension:prf: true, webauthn:virtualAuthenticators: true}
Element: [[ChromeDriver: chrome on windows (41261d228ebe57e87783a38f5c4f8f06)] -&amp;gt; xpath: //h6[contains(text(),&amp;apos;Maatrum&amp;apos;)]]
Session ID: 41261d228ebe57e87783a38f5c4f8f06">
      <![CDATA[org.openqa.selenium.ElementClickInterceptedException: element click intercepted: Element <h6 class="ng-tns-c6-0">...</h6> is not clickable at point (337, 19). Other element would receive the click: <h4 class="modal-title pull-left">...</h4>
  (Session info: chrome=141.0.7390.125)
Build info: version: '4.29.0', revision: '5fc1ec94cb'
System info: os.name: 'Windows 11', os.arch: 'amd64', os.version: '10.0', java.version: '21.0.7'
Driver info: org.openqa.selenium.chrome.ChromeDriver
Command: [41261d228ebe57e87783a38f5c4f8f06, clickElement {id=f.20A6C9D4C6E74CDF2D11C204EC10AF28.d.7B8E31CF999C08A8A7FB33899383BCFC.e.428}]
Capabilities {acceptInsecureCerts: false, browserName: chrome, browserVersion: 141.0.7390.125, chrome: {chromedriverVersion: 141.0.7390.122 (b477534e7e1..., userDataDir: C:\Users\ADMIN\AppData\Loca...}, fedcm:accounts: true, goog:chromeOptions: {debuggerAddress: localhost:60488}, networkConnectionEnabled: false, pageLoadStrategy: normal, platformName: windows, proxy: Proxy(), se:cdp: ws://localhost:60488/devtoo..., se:cdpVersion: 141.0.7390.125, setWindowRect: true, strictFileInteractability: false, timeouts: {implicit: 0, pageLoad: 300000, script: 30000}, unhandledPromptBehavior: dismiss and notify, webauthn:extension:credBlob: true, webauthn:extension:largeBlob: true, webauthn:extension:minPinLength: true, webauthn:extension:prf: true, webauthn:virtualAuthenticators: true}
Element: [[ChromeDriver: chrome on windows (41261d228ebe57e87783a38f5c4f8f06)] -> xpath: //h6[contains(text(),'Maatrum')]]
Session ID: 41261d228ebe57e87783a38f5c4f8f06
at org.openqa.selenium.remote.ErrorCodec.decode(ErrorCodec.java:167)
at org.openqa.selenium.remote.codec.w3c.W3CHttpResponseCodec.decode(W3CHttpResponseCodec.java:138)
at org.openqa.selenium.remote.codec.w3c.W3CHttpResponseCodec.decode(W3CHttpResponseCodec.java:50)
at org.openqa.selenium.remote.HttpCommandExecutor.execute(HttpCommandExecutor.java:215)
at org.openqa.selenium.remote.service.DriverCommandExecutor.invokeExecute(DriverCommandExecutor.java:216)
at org.openqa.selenium.remote.service.DriverCommandExecutor.execute(DriverCommandExecutor.java:174)
at org.openqa.selenium.remote.RemoteWebDriver.execute(RemoteWebDriver.java:545)
at org.openqa.selenium.remote.RemoteWebElement.execute(RemoteWebElement.java:223)
at org.openqa.selenium.remote.RemoteWebElement.click(RemoteWebElement.java:76)
at org.openqa.selenium.support.pagefactory.internal.LocatingElementHandler.invoke(LocatingElementHandler.java:51)
at jdk.proxy2/jdk.proxy2.$Proxy14.click(Unknown Source)
at pages.QuerryRasiedToRevertedPages.clickMaatrumLogo(QuerryRasiedToRevertedPages.java:172)
at testCases.QuerryRaisedToReverted.QuerryRaisedFromLegal(QuerryRaisedToReverted.java:22)
at java.base/java.util.ArrayList.forEach(ArrayList.java:1596)
... Removed 30 stack frames]]>
    </failure>
  </testcase> <!-- QuerryRaisedFromLegal -->
</testsuite> <!-- Test -->
