<?xml version="1.0" encoding="UTF-8"?>
<testng-results ignored="0" total="1" passed="1" failed="0" skipped="0">
  <reporter-output>
  </reporter-output>
  <suite started-at="2025-11-01T17:56:56 IST" name="Suite" finished-at="2025-11-01T17:59:15 IST" duration-ms="139340">
    <groups>
    </groups>
    <test started-at="2025-11-01T17:56:56 IST" name="Test" finished-at="2025-11-01T17:59:15 IST" duration-ms="139340">
      <class name="testCases.QuerryRaisedToReverted">
        <test-method is-config="true" signature="setup(java.lang.String,java.lang.String)[pri:0, instance:testCases.QuerryRaisedToReverted@75d4a5c2]" started-at="2025-11-01T17:56:56 IST" name="setup" finished-at="2025-11-01T17:57:07 IST" duration-ms="11240" status="PASS">
          <params>
            <param index="0">
              <value>
                <![CDATA[karunagaran.e@maatrum.com]]>
              </value>
            </param>
            <param index="1">
              <value>
                <![CDATA[Maatrum@1234]]>
              </value>
            </param>
          </params>
          <reporter-output>
          </reporter-output>
        </test-method> <!-- setup -->
        <test-method signature="QuerryRaisedFromLegal()[pri:0, instance:testCases.QuerryRaisedToReverted@75d4a5c2]" started-at="2025-11-01T17:57:07 IST" name="QuerryRaisedFromLegal" finished-at="2025-11-01T17:59:15 IST" duration-ms="128067" status="PASS">
          <reporter-output>
          </reporter-output>
        </test-method> <!-- QuerryRaisedFromLegal -->
        <test-method is-config="true" signature="teardown()[pri:0, instance:testCases.QuerryRaisedToReverted@75d4a5c2]" started-at="2025-11-01T17:59:15 IST" name="teardown" finished-at="2025-11-01T17:59:15 IST" duration-ms="3" status="PASS">
          <reporter-output>
          </reporter-output>
        </test-method> <!-- teardown -->
        <test-method is-config="true" signature="archiveReports()[pri:0, instance:testCases.QuerryRaisedToReverted@75d4a5c2]" started-at="2025-11-01T17:59:15 IST" name="archiveReports" finished-at="2025-11-01T17:59:15 IST" duration-ms="60" status="PASS">
          <reporter-output>
          </reporter-output>
        </test-method> <!-- archiveReports -->
      </class> <!-- testCases.QuerryRaisedToReverted -->
    </test> <!-- Test -->
  </suite> <!-- Suite -->
</testng-results>
