<?xml version="1.0" encoding="UTF-8"?>
<!-- Generated by org.testng.reporters.JUnitXMLReporter -->
<testsuite ignored="0" hostname="LAPTOP-6NVISD1L" failures="1" tests="1" name="CreateRequestTest" time="132.587" errors="0" timestamp="2026-05-02T18:47:58 IST">
  <testcase classname="testCases.CreateRequestTest" name="createNewRequest" time="127.279">
    <failure type="java.lang.AssertionError" message="Create Request click did not trigger a navigation. URL still: https://admindev.maatrum.com/v2/mpr/operations">
      <![CDATA[java.lang.AssertionError: Create Request click did not trigger a navigation. URL still: https://admindev.maatrum.com/v2/mpr/operations
at pages.CreateRequestPage.ClickCreateRequestButton(CreateRequestPage.java:359)
at testCases.CreateRequestTest.createNewRequest(CreateRequestTest.java:48)
at java.base/java.util.ArrayList.forEach(ArrayList.java:1596)
... Removed 25 stack frames]]>
    </failure>
  </testcase> <!-- createNewRequest -->
</testsuite> <!-- CreateRequestTest -->
